ARM GAS  C:\Users\jfortner\AppData\Local\Temp\ccABrRSl.s 			page 1


   1              		.syntax unified
   2              		.cpu cortex-m3
   3              		.fpu softvfp
   4              		.eabi_attribute 20, 1
   5              		.eabi_attribute 21, 1
   6              		.eabi_attribute 23, 3
   7              		.eabi_attribute 24, 1
   8              		.eabi_attribute 25, 1
   9              		.eabi_attribute 26, 1
  10              		.eabi_attribute 30, 1
  11              		.eabi_attribute 34, 1
  12              		.eabi_attribute 18, 4
  13              		.thumb
  14              		.syntax unified
  15              		.file	"cymetadata.c"
  16              		.text
  17              	.Ltext0:
  18              		.cfi_sections	.debug_frame
  19              		.global	cy_metadata
  20              		.global	cy_meta_flashprotect
  21              		.global	cy_meta_wonvl
  22              		.global	cy_meta_custnvl
  23              		.global	cy_meta_configecc
  24              		.section	.cyconfigecc,"a",%progbits
  25              		.align	2
  26              		.type	cy_meta_configecc, %object
  27              		.size	cy_meta_configecc, 332
  28              	cy_meta_configecc:
  29 0000 01       		.byte	1
  30 0001 52       		.byte	82
  31 0002 00       		.byte	0
  32 0003 40       		.byte	64
  33 0004 01       		.byte	1
  34 0005 64       		.byte	100
  35 0006 00       		.byte	0
  36 0007 40       		.byte	64
  37 0008 02       		.byte	2
  38 0009 09       		.byte	9
  39 000a 01       		.byte	1
  40 000b 40       		.byte	64
  41 000c 3F       		.byte	63
  42 000d 0A       		.byte	10
  43 000e 01       		.byte	1
  44 000f 40       		.byte	64
  45 0010 1C       		.byte	28
  46 0011 0B       		.byte	11
  47 0012 01       		.byte	1
  48 0013 40       		.byte	64
  49 0014 04       		.byte	4
  50 0015 0E       		.byte	14
  51 0016 01       		.byte	1
  52 0017 40       		.byte	64
  53 0018 02       		.byte	2
  54 0019 0F       		.byte	15
  55 001a 01       		.byte	1
  56 001b 40       		.byte	64
  57 001c 01       		.byte	1
ARM GAS  C:\Users\jfortner\AppData\Local\Temp\ccABrRSl.s 			page 2


  58 001d 15       		.byte	21
  59 001e 01       		.byte	1
  60 001f 40       		.byte	64
  61 0020 01       		.byte	1
  62 0021 1B       		.byte	27
  63 0022 01       		.byte	1
  64 0023 40       		.byte	64
  65 0024 04       		.byte	4
  66 0025 44       		.byte	68
  67 0026 01       		.byte	1
  68 0027 40       		.byte	64
  69 0028 04       		.byte	4
  70 0029 46       		.byte	70
  71 002a 01       		.byte	1
  72 002b 40       		.byte	64
  73 002c 02       		.byte	2
  74 002d 47       		.byte	71
  75 002e 01       		.byte	1
  76 002f 40       		.byte	64
  77 0030 02       		.byte	2
  78 0031 48       		.byte	72
  79 0032 01       		.byte	1
  80 0033 40       		.byte	64
  81 0034 01       		.byte	1
  82 0035 49       		.byte	73
  83 0036 01       		.byte	1
  84 0037 40       		.byte	64
  85 0038 01       		.byte	1
  86 0039 4C       		.byte	76
  87 003a 01       		.byte	1
  88 003b 40       		.byte	64
  89 003c 02       		.byte	2
  90 003d 4D       		.byte	77
  91 003e 01       		.byte	1
  92 003f 40       		.byte	64
  93 0040 02       		.byte	2
  94 0041 50       		.byte	80
  95 0042 01       		.byte	1
  96 0043 40       		.byte	64
  97 0044 78       		.byte	120
  98 0045 20       		.byte	32
  99 0046 8B       		.byte	-117
 100 0047 0D       		.byte	13
 101 0048 AD       		.byte	-83
 102 0049 80       		.byte	-128
 103 004a EC       		.byte	-20
 104 004b 02       		.byte	2
 105 004c 40       		.byte	64
 106 004d 30       		.byte	48
 107 004e 41       		.byte	65
 108 004f 04       		.byte	4
 109 0050 49       		.byte	73
 110 0051 FF       		.byte	-1
 111 0052 4A       		.byte	74
 112 0053 FF       		.byte	-1
 113 0054 4B       		.byte	75
 114 0055 FF       		.byte	-1
ARM GAS  C:\Users\jfortner\AppData\Local\Temp\ccABrRSl.s 			page 3


 115 0056 4D       		.byte	77
 116 0057 A0       		.byte	-96
 117 0058 4F       		.byte	79
 118 0059 04       		.byte	4
 119 005a 50       		.byte	80
 120 005b 18       		.byte	24
 121 005c 5A       		.byte	90
 122 005d 04       		.byte	4
 123 005e 5D       		.byte	93
 124 005f 01       		.byte	1
 125 0060 5F       		.byte	95
 126 0061 01       		.byte	1
 127 0062 60       		.byte	96
 128 0063 40       		.byte	64
 129 0064 62       		.byte	98
 130 0065 C0       		.byte	-64
 131 0066 64       		.byte	100
 132 0067 40       		.byte	64
 133 0068 65       		.byte	101
 134 0069 40       		.byte	64
 135 006a 66       		.byte	102
 136 006b C0       		.byte	-64
 137 006c 68       		.byte	104
 138 006d C0       		.byte	-64
 139 006e 6A       		.byte	106
 140 006f C0       		.byte	-64
 141 0070 6C       		.byte	108
 142 0071 C0       		.byte	-64
 143 0072 6E       		.byte	110
 144 0073 C0       		.byte	-64
 145 0074 82       		.byte	-126
 146 0075 02       		.byte	2
 147 0076 83       		.byte	-125
 148 0077 01       		.byte	1
 149 0078 8A       		.byte	-118
 150 0079 06       		.byte	6
 151 007a 9E       		.byte	-98
 152 007b 0C       		.byte	12
 153 007c AD       		.byte	-83
 154 007d 01       		.byte	1
 155 007e AE       		.byte	-82
 156 007f 01       		.byte	1
 157 0080 B0       		.byte	-80
 158 0081 08       		.byte	8
 159 0082 B2       		.byte	-78
 160 0083 01       		.byte	1
 161 0084 B4       		.byte	-76
 162 0085 02       		.byte	2
 163 0086 B6       		.byte	-74
 164 0087 04       		.byte	4
 165 0088 B7       		.byte	-73
 166 0089 01       		.byte	1
 167 008a BE       		.byte	-66
 168 008b 10       		.byte	16
 169 008c C0       		.byte	-64
 170 008d 30       		.byte	48
 171 008e C1       		.byte	-63
ARM GAS  C:\Users\jfortner\AppData\Local\Temp\ccABrRSl.s 			page 4


 172 008f 04       		.byte	4
 173 0090 C5       		.byte	-59
 174 0091 D0       		.byte	-48
 175 0092 C6       		.byte	-58
 176 0093 02       		.byte	2
 177 0094 C7       		.byte	-57
 178 0095 10       		.byte	16
 179 0096 C8       		.byte	-56
 180 0097 26       		.byte	38
 181 0098 C9       		.byte	-55
 182 0099 FF       		.byte	-1
 183 009a CA       		.byte	-54
 184 009b FF       		.byte	-1
 185 009c CB       		.byte	-53
 186 009d FF       		.byte	-1
 187 009e CD       		.byte	-51
 188 009f AF       		.byte	-81
 189 00a0 CE       		.byte	-50
 190 00a1 0F       		.byte	15
 191 00a2 CF       		.byte	-49
 192 00a3 04       		.byte	4
 193 00a4 D0       		.byte	-48
 194 00a5 18       		.byte	24
 195 00a6 D2       		.byte	-46
 196 00a7 80       		.byte	-128
 197 00a8 D4       		.byte	-44
 198 00a9 05       		.byte	5
 199 00aa D8       		.byte	-40
 200 00ab 04       		.byte	4
 201 00ac D9       		.byte	-39
 202 00ad 04       		.byte	4
 203 00ae DA       		.byte	-38
 204 00af 04       		.byte	4
 205 00b0 DB       		.byte	-37
 206 00b1 04       		.byte	4
 207 00b2 DC       		.byte	-36
 208 00b3 11       		.byte	17
 209 00b4 DD       		.byte	-35
 210 00b5 11       		.byte	17
 211 00b6 DF       		.byte	-33
 212 00b7 01       		.byte	1
 213 00b8 E0       		.byte	-32
 214 00b9 40       		.byte	64
 215 00ba E2       		.byte	-30
 216 00bb C0       		.byte	-64
 217 00bc E4       		.byte	-28
 218 00bd 40       		.byte	64
 219 00be E5       		.byte	-27
 220 00bf 40       		.byte	64
 221 00c0 E6       		.byte	-26
 222 00c1 C0       		.byte	-64
 223 00c2 E8       		.byte	-24
 224 00c3 C0       		.byte	-64
 225 00c4 EA       		.byte	-22
 226 00c5 C0       		.byte	-64
 227 00c6 EC       		.byte	-20
 228 00c7 C0       		.byte	-64
ARM GAS  C:\Users\jfortner\AppData\Local\Temp\ccABrRSl.s 			page 5


 229 00c8 EE       		.byte	-18
 230 00c9 C0       		.byte	-64
 231 00ca 04       		.byte	4
 232 00cb 10       		.byte	16
 233 00cc 06       		.byte	6
 234 00cd 80       		.byte	-128
 235 00ce 0F       		.byte	15
 236 00cf 02       		.byte	2
 237 00d0 17       		.byte	23
 238 00d1 40       		.byte	64
 239 00d2 1C       		.byte	28
 240 00d3 10       		.byte	16
 241 00d4 1D       		.byte	29
 242 00d5 88       		.byte	-120
 243 00d6 1E       		.byte	30
 244 00d7 08       		.byte	8
 245 00d8 1F       		.byte	31
 246 00d9 02       		.byte	2
 247 00da 26       		.byte	38
 248 00db 40       		.byte	64
 249 00dc 2F       		.byte	47
 250 00dd 02       		.byte	2
 251 00de 3F       		.byte	63
 252 00df 02       		.byte	2
 253 00e0 40       		.byte	64
 254 00e1 10       		.byte	16
 255 00e2 42       		.byte	66
 256 00e3 80       		.byte	-128
 257 00e4 45       		.byte	69
 258 00e5 08       		.byte	8
 259 00e6 46       		.byte	70
 260 00e7 80       		.byte	-128
 261 00e8 4F       		.byte	79
 262 00e9 01       		.byte	1
 263 00ea 56       		.byte	86
 264 00eb 80       		.byte	-128
 265 00ec 57       		.byte	87
 266 00ed 01       		.byte	1
 267 00ee 5E       		.byte	94
 268 00ef 88       		.byte	-120
 269 00f0 5F       		.byte	95
 270 00f1 01       		.byte	1
 271 00f2 77       		.byte	119
 272 00f3 40       		.byte	64
 273 00f4 C0       		.byte	-64
 274 00f5 50       		.byte	80
 275 00f6 C2       		.byte	-62
 276 00f7 80       		.byte	-128
 277 00f8 C4       		.byte	-60
 278 00f9 80       		.byte	-128
 279 00fa CA       		.byte	-54
 280 00fb 10       		.byte	16
 281 00fc CE       		.byte	-50
 282 00fd 80       		.byte	-128
 283 00fe D0       		.byte	-48
 284 00ff C3       		.byte	-61
 285 0100 D6       		.byte	-42
ARM GAS  C:\Users\jfortner\AppData\Local\Temp\ccABrRSl.s 			page 6


 286 0101 D0       		.byte	-48
 287 0102 B8       		.byte	-72
 288 0103 20       		.byte	32
 289 0104 BE       		.byte	-66
 290 0105 10       		.byte	16
 291 0106 D8       		.byte	-40
 292 0107 04       		.byte	4
 293 0108 DF       		.byte	-33
 294 0109 01       		.byte	1
 295 010a 1D       		.byte	29
 296 010b 10       		.byte	16
 297 010c 8D       		.byte	-115
 298 010d 10       		.byte	16
 299 010e EC       		.byte	-20
 300 010f 10       		.byte	16
 301 0110 EC       		.byte	-20
 302 0111 10       		.byte	16
 303 0112 7C       		.byte	124
 304 0113 20       		.byte	32
 305 0114 8C       		.byte	-116
 306 0115 20       		.byte	32
 307 0116 DE       		.byte	-34
 308 0117 01       		.byte	1
 309 0118 E0       		.byte	-32
 310 0119 02       		.byte	2
 311 011a 45       		.byte	69
 312 011b 08       		.byte	8
 313 011c 56       		.byte	86
 314 011d 08       		.byte	8
 315 011e D0       		.byte	-48
 316 011f 01       		.byte	1
 317 0120 D4       		.byte	-44
 318 0121 02       		.byte	2
 319 0122 A5       		.byte	-91
 320 0123 08       		.byte	8
 321 0124 AE       		.byte	-82
 322 0125 08       		.byte	8
 323 0126 25       		.byte	37
 324 0127 10       		.byte	16
 325 0128 C8       		.byte	-56
 326 0129 20       		.byte	32
 327 012a B5       		.byte	-75
 328 012b 10       		.byte	16
 329 012c A5       		.byte	-91
 330 012d 08       		.byte	8
 331 012e B5       		.byte	-75
 332 012f 08       		.byte	8
 333 0130 EC       		.byte	-20
 334 0131 08       		.byte	8
 335 0132 00       		.byte	0
 336 0133 02       		.byte	2
 337 0134 0C       		.byte	12
 338 0135 02       		.byte	2
 339 0136 00       		.byte	0
 340 0137 00       		.byte	0
 341 0138 00       		.byte	0
 342 0139 20       		.byte	32
ARM GAS  C:\Users\jfortner\AppData\Local\Temp\ccABrRSl.s 			page 7


 343 013a 20       		.byte	32
 344 013b 00       		.byte	0
 345 013c 20       		.byte	32
 346 013d 00       		.byte	0
 347 013e 10       		.byte	16
 348 013f 00       		.byte	0
 349 0140 00       		.byte	0
 350 0141 0B       		.byte	11
 351 0142 0B       		.byte	11
 352 0143 00       		.byte	0
 353 0144 00       		.byte	0
 354 0145 00       		.byte	0
 355 0146 00       		.byte	0
 356 0147 00       		.byte	0
 357 0148 25       		.byte	37
 358 0149 00       		.byte	0
 359 014a 18       		.byte	24
 360 014b 01       		.byte	1
 361              		.section	.cywolatch,"a",%progbits
 362              		.align	2
 363              		.type	cy_meta_wonvl, %object
 364              		.size	cy_meta_wonvl, 4
 365              	cy_meta_wonvl:
 366 0000 BC       		.byte	-68
 367 0001 90       		.byte	-112
 368 0002 AC       		.byte	-84
 369 0003 AF       		.byte	-81
 370              		.section	.cycustnvl,"a",%progbits
 371              		.align	2
 372              		.type	cy_meta_custnvl, %object
 373              		.size	cy_meta_custnvl, 4
 374              	cy_meta_custnvl:
 375 0000 00       		.byte	0
 376 0001 00       		.byte	0
 377 0002 40       		.byte	64
 378 0003 05       		.byte	5
 379              		.section	.cymeta,"a",%progbits
 380              		.align	2
 381              		.type	cy_metadata, %object
 382              		.size	cy_metadata, 12
 383              	cy_metadata:
 384 0000 00       		.byte	0
 385 0001 01       		.byte	1
 386 0002 2E       		.byte	46
 387 0003 16       		.byte	22
 388 0004 10       		.byte	16
 389 0005 69       		.byte	105
 390 0006 00       		.byte	0
 391 0007 01       		.byte	1
 392 0008 00       		.byte	0
 393 0009 00       		.byte	0
 394 000a 00       		.byte	0
 395 000b 00       		.byte	0
 396              		.section	.cyflashprotect,"a",%progbits
 397              		.align	2
 398              		.type	cy_meta_flashprotect, %object
 399              		.size	cy_meta_flashprotect, 256
ARM GAS  C:\Users\jfortner\AppData\Local\Temp\ccABrRSl.s 			page 8


 400              	cy_meta_flashprotect:
 401 0000 00000000 		.space	256
 401      00000000 
 401      00000000 
 401      00000000 
 401      00000000 
 402              		.text
 403              	.Letext0:
 404              		.file 1 "c:\\program files (x86)\\cypress\\psoc creator\\4.2\\psoc creator\\import\\gnu\\arm\\5.4.
 405              		.file 2 "c:\\program files (x86)\\cypress\\psoc creator\\4.2\\psoc creator\\import\\gnu\\arm\\5.4.
 406              		.file 3 "Generated_Source\\PSoC5\\cymetadata.c"
 407              		.section	.debug_info,"",%progbits
 408              	.Ldebug_info0:
 409 0000 31010000 		.4byte	0x131
 410 0004 0400     		.2byte	0x4
 411 0006 00000000 		.4byte	.Ldebug_abbrev0
 412 000a 04       		.byte	0x4
 413 000b 01       		.uleb128 0x1
 414 000c 24000000 		.4byte	.LASF17
 415 0010 0C       		.byte	0xc
 416 0011 C1010000 		.4byte	.LASF18
 417 0015 F9000000 		.4byte	.LASF19
 418 0019 00000000 		.4byte	.Ldebug_line0
 419 001d 02       		.uleb128 0x2
 420 001e 01       		.byte	0x1
 421 001f 06       		.byte	0x6
 422 0020 B5010000 		.4byte	.LASF0
 423 0024 03       		.uleb128 0x3
 424 0025 00000000 		.4byte	.LASF9
 425 0029 01       		.byte	0x1
 426 002a 1D       		.byte	0x1d
 427 002b 2F000000 		.4byte	0x2f
 428 002f 02       		.uleb128 0x2
 429 0030 01       		.byte	0x1
 430 0031 08       		.byte	0x8
 431 0032 16000000 		.4byte	.LASF1
 432 0036 02       		.uleb128 0x2
 433 0037 02       		.byte	0x2
 434 0038 05       		.byte	0x5
 435 0039 A2010000 		.4byte	.LASF2
 436 003d 02       		.uleb128 0x2
 437 003e 02       		.byte	0x2
 438 003f 07       		.byte	0x7
 439 0040 C4000000 		.4byte	.LASF3
 440 0044 02       		.uleb128 0x2
 441 0045 04       		.byte	0x4
 442 0046 05       		.byte	0x5
 443 0047 AC010000 		.4byte	.LASF4
 444 004b 02       		.uleb128 0x2
 445 004c 04       		.byte	0x4
 446 004d 07       		.byte	0x7
 447 004e B2000000 		.4byte	.LASF5
 448 0052 02       		.uleb128 0x2
 449 0053 08       		.byte	0x8
 450 0054 05       		.byte	0x5
 451 0055 94010000 		.4byte	.LASF6
 452 0059 02       		.uleb128 0x2
ARM GAS  C:\Users\jfortner\AppData\Local\Temp\ccABrRSl.s 			page 9


 453 005a 08       		.byte	0x8
 454 005b 07       		.byte	0x7
 455 005c 49010000 		.4byte	.LASF7
 456 0060 04       		.uleb128 0x4
 457 0061 04       		.byte	0x4
 458 0062 05       		.byte	0x5
 459 0063 696E7400 		.ascii	"int\000"
 460 0067 02       		.uleb128 0x2
 461 0068 04       		.byte	0x4
 462 0069 07       		.byte	0x7
 463 006a 3C010000 		.4byte	.LASF8
 464 006e 03       		.uleb128 0x3
 465 006f 60010000 		.4byte	.LASF10
 466 0073 02       		.byte	0x2
 467 0074 18       		.byte	0x18
 468 0075 24000000 		.4byte	0x24
 469 0079 05       		.uleb128 0x5
 470 007a 91000000 		.4byte	0x91
 471 007e 8A000000 		.4byte	0x8a
 472 0082 06       		.uleb128 0x6
 473 0083 8A000000 		.4byte	0x8a
 474 0087 4B01     		.2byte	0x14b
 475 0089 00       		.byte	0
 476 008a 02       		.uleb128 0x2
 477 008b 04       		.byte	0x4
 478 008c 07       		.byte	0x7
 479 008d 8B010000 		.4byte	.LASF11
 480 0091 07       		.uleb128 0x7
 481 0092 6E000000 		.4byte	0x6e
 482 0096 08       		.uleb128 0x8
 483 0097 E7000000 		.4byte	.LASF12
 484 009b 03       		.byte	0x3
 485 009c 1F       		.byte	0x1f
 486 009d A7000000 		.4byte	0xa7
 487 00a1 05       		.uleb128 0x5
 488 00a2 03       		.byte	0x3
 489 00a3 00000000 		.4byte	cy_meta_configecc
 490 00a7 07       		.uleb128 0x7
 491 00a8 79000000 		.4byte	0x79
 492 00ac 05       		.uleb128 0x5
 493 00ad 91000000 		.4byte	0x91
 494 00b1 BC000000 		.4byte	0xbc
 495 00b5 09       		.uleb128 0x9
 496 00b6 8A000000 		.4byte	0x8a
 497 00ba 03       		.byte	0x3
 498 00bb 00       		.byte	0
 499 00bc 08       		.uleb128 0x8
 500 00bd D7000000 		.4byte	.LASF13
 501 00c1 03       		.byte	0x3
 502 00c2 56       		.byte	0x56
 503 00c3 CD000000 		.4byte	0xcd
 504 00c7 05       		.uleb128 0x5
 505 00c8 03       		.byte	0x3
 506 00c9 00000000 		.4byte	cy_meta_custnvl
 507 00cd 07       		.uleb128 0x7
 508 00ce AC000000 		.4byte	0xac
 509 00d2 08       		.uleb128 0x8
ARM GAS  C:\Users\jfortner\AppData\Local\Temp\ccABrRSl.s 			page 10


 510 00d3 7D010000 		.4byte	.LASF14
 511 00d7 03       		.byte	0x3
 512 00d8 64       		.byte	0x64
 513 00d9 E3000000 		.4byte	0xe3
 514 00dd 05       		.uleb128 0x5
 515 00de 03       		.byte	0x3
 516 00df 00000000 		.4byte	cy_meta_wonvl
 517 00e3 07       		.uleb128 0x7
 518 00e4 AC000000 		.4byte	0xac
 519 00e8 05       		.uleb128 0x5
 520 00e9 91000000 		.4byte	0x91
 521 00ed F8000000 		.4byte	0xf8
 522 00f1 09       		.uleb128 0x9
 523 00f2 8A000000 		.4byte	0x8a
 524 00f6 FF       		.byte	0xff
 525 00f7 00       		.byte	0
 526 00f8 08       		.uleb128 0x8
 527 00f9 68010000 		.4byte	.LASF15
 528 00fd 03       		.byte	0x3
 529 00fe 72       		.byte	0x72
 530 00ff 09010000 		.4byte	0x109
 531 0103 05       		.uleb128 0x5
 532 0104 03       		.byte	0x3
 533 0105 00000000 		.4byte	cy_meta_flashprotect
 534 0109 07       		.uleb128 0x7
 535 010a E8000000 		.4byte	0xe8
 536 010e 05       		.uleb128 0x5
 537 010f 91000000 		.4byte	0x91
 538 0113 1E010000 		.4byte	0x11e
 539 0117 09       		.uleb128 0x9
 540 0118 8A000000 		.4byte	0x8a
 541 011c 0B       		.byte	0xb
 542 011d 00       		.byte	0
 543 011e 08       		.uleb128 0x8
 544 011f 0A000000 		.4byte	.LASF16
 545 0123 03       		.byte	0x3
 546 0124 9F       		.byte	0x9f
 547 0125 2F010000 		.4byte	0x12f
 548 0129 05       		.uleb128 0x5
 549 012a 03       		.byte	0x3
 550 012b 00000000 		.4byte	cy_metadata
 551 012f 07       		.uleb128 0x7
 552 0130 0E010000 		.4byte	0x10e
 553 0134 00       		.byte	0
 554              		.section	.debug_abbrev,"",%progbits
 555              	.Ldebug_abbrev0:
 556 0000 01       		.uleb128 0x1
 557 0001 11       		.uleb128 0x11
 558 0002 01       		.byte	0x1
 559 0003 25       		.uleb128 0x25
 560 0004 0E       		.uleb128 0xe
 561 0005 13       		.uleb128 0x13
 562 0006 0B       		.uleb128 0xb
 563 0007 03       		.uleb128 0x3
 564 0008 0E       		.uleb128 0xe
 565 0009 1B       		.uleb128 0x1b
 566 000a 0E       		.uleb128 0xe
ARM GAS  C:\Users\jfortner\AppData\Local\Temp\ccABrRSl.s 			page 11


 567 000b 10       		.uleb128 0x10
 568 000c 17       		.uleb128 0x17
 569 000d 00       		.byte	0
 570 000e 00       		.byte	0
 571 000f 02       		.uleb128 0x2
 572 0010 24       		.uleb128 0x24
 573 0011 00       		.byte	0
 574 0012 0B       		.uleb128 0xb
 575 0013 0B       		.uleb128 0xb
 576 0014 3E       		.uleb128 0x3e
 577 0015 0B       		.uleb128 0xb
 578 0016 03       		.uleb128 0x3
 579 0017 0E       		.uleb128 0xe
 580 0018 00       		.byte	0
 581 0019 00       		.byte	0
 582 001a 03       		.uleb128 0x3
 583 001b 16       		.uleb128 0x16
 584 001c 00       		.byte	0
 585 001d 03       		.uleb128 0x3
 586 001e 0E       		.uleb128 0xe
 587 001f 3A       		.uleb128 0x3a
 588 0020 0B       		.uleb128 0xb
 589 0021 3B       		.uleb128 0x3b
 590 0022 0B       		.uleb128 0xb
 591 0023 49       		.uleb128 0x49
 592 0024 13       		.uleb128 0x13
 593 0025 00       		.byte	0
 594 0026 00       		.byte	0
 595 0027 04       		.uleb128 0x4
 596 0028 24       		.uleb128 0x24
 597 0029 00       		.byte	0
 598 002a 0B       		.uleb128 0xb
 599 002b 0B       		.uleb128 0xb
 600 002c 3E       		.uleb128 0x3e
 601 002d 0B       		.uleb128 0xb
 602 002e 03       		.uleb128 0x3
 603 002f 08       		.uleb128 0x8
 604 0030 00       		.byte	0
 605 0031 00       		.byte	0
 606 0032 05       		.uleb128 0x5
 607 0033 01       		.uleb128 0x1
 608 0034 01       		.byte	0x1
 609 0035 49       		.uleb128 0x49
 610 0036 13       		.uleb128 0x13
 611 0037 01       		.uleb128 0x1
 612 0038 13       		.uleb128 0x13
 613 0039 00       		.byte	0
 614 003a 00       		.byte	0
 615 003b 06       		.uleb128 0x6
 616 003c 21       		.uleb128 0x21
 617 003d 00       		.byte	0
 618 003e 49       		.uleb128 0x49
 619 003f 13       		.uleb128 0x13
 620 0040 2F       		.uleb128 0x2f
 621 0041 05       		.uleb128 0x5
 622 0042 00       		.byte	0
 623 0043 00       		.byte	0
ARM GAS  C:\Users\jfortner\AppData\Local\Temp\ccABrRSl.s 			page 12


 624 0044 07       		.uleb128 0x7
 625 0045 26       		.uleb128 0x26
 626 0046 00       		.byte	0
 627 0047 49       		.uleb128 0x49
 628 0048 13       		.uleb128 0x13
 629 0049 00       		.byte	0
 630 004a 00       		.byte	0
 631 004b 08       		.uleb128 0x8
 632 004c 34       		.uleb128 0x34
 633 004d 00       		.byte	0
 634 004e 03       		.uleb128 0x3
 635 004f 0E       		.uleb128 0xe
 636 0050 3A       		.uleb128 0x3a
 637 0051 0B       		.uleb128 0xb
 638 0052 3B       		.uleb128 0x3b
 639 0053 0B       		.uleb128 0xb
 640 0054 49       		.uleb128 0x49
 641 0055 13       		.uleb128 0x13
 642 0056 3F       		.uleb128 0x3f
 643 0057 19       		.uleb128 0x19
 644 0058 02       		.uleb128 0x2
 645 0059 18       		.uleb128 0x18
 646 005a 00       		.byte	0
 647 005b 00       		.byte	0
 648 005c 09       		.uleb128 0x9
 649 005d 21       		.uleb128 0x21
 650 005e 00       		.byte	0
 651 005f 49       		.uleb128 0x49
 652 0060 13       		.uleb128 0x13
 653 0061 2F       		.uleb128 0x2f
 654 0062 0B       		.uleb128 0xb
 655 0063 00       		.byte	0
 656 0064 00       		.byte	0
 657 0065 00       		.byte	0
 658              		.section	.debug_aranges,"",%progbits
 659 0000 14000000 		.4byte	0x14
 660 0004 0200     		.2byte	0x2
 661 0006 00000000 		.4byte	.Ldebug_info0
 662 000a 04       		.byte	0x4
 663 000b 00       		.byte	0
 664 000c 0000     		.2byte	0
 665 000e 0000     		.2byte	0
 666 0010 00000000 		.4byte	0
 667 0014 00000000 		.4byte	0
 668              		.section	.debug_line,"",%progbits
 669              	.Ldebug_line0:
 670 0000 3D010000 		.section	.debug_str,"MS",%progbits,1
 670      02003701 
 670      00000201 
 670      FB0E0D00 
 670      01010101 
 671              	.LASF9:
 672 0000 5F5F7569 		.ascii	"__uint8_t\000"
 672      6E74385F 
 672      7400
 673              	.LASF16:
 674 000a 63795F6D 		.ascii	"cy_metadata\000"
ARM GAS  C:\Users\jfortner\AppData\Local\Temp\ccABrRSl.s 			page 13


 674      65746164 
 674      61746100 
 675              	.LASF1:
 676 0016 756E7369 		.ascii	"unsigned char\000"
 676      676E6564 
 676      20636861 
 676      7200
 677              	.LASF17:
 678 0024 474E5520 		.ascii	"GNU C11 5.4.1 20160609 (release) [ARM/embedded-5-br"
 678      43313120 
 678      352E342E 
 678      31203230 
 678      31363036 
 679 0057 616E6368 		.ascii	"anch revision 237715] -mcpu=cortex-m3 -mthumb -g -O"
 679      20726576 
 679      6973696F 
 679      6E203233 
 679      37373135 
 680 008a 67202D66 		.ascii	"g -ffunction-sections -ffat-lto-objects\000"
 680      66756E63 
 680      74696F6E 
 680      2D736563 
 680      74696F6E 
 681              	.LASF5:
 682 00b2 6C6F6E67 		.ascii	"long unsigned int\000"
 682      20756E73 
 682      69676E65 
 682      6420696E 
 682      7400
 683              	.LASF3:
 684 00c4 73686F72 		.ascii	"short unsigned int\000"
 684      7420756E 
 684      7369676E 
 684      65642069 
 684      6E7400
 685              	.LASF13:
 686 00d7 63795F6D 		.ascii	"cy_meta_custnvl\000"
 686      6574615F 
 686      63757374 
 686      6E766C00 
 687              	.LASF12:
 688 00e7 63795F6D 		.ascii	"cy_meta_configecc\000"
 688      6574615F 
 688      636F6E66 
 688      69676563 
 688      6300
 689              	.LASF19:
 690 00f9 433A5C55 		.ascii	"C:\\Users\\jfortner\\Desktop\\Fortner_Lab_1\\Lab_1_"
 690      73657273 
 690      5C6A666F 
 690      72746E65 
 690      725C4465 
 691 0127 4C45445F 		.ascii	"LED_Brightness.cydsn\000"
 691      42726967 
 691      68746E65 
 691      73732E63 
 691      7964736E 
ARM GAS  C:\Users\jfortner\AppData\Local\Temp\ccABrRSl.s 			page 14


 692              	.LASF8:
 693 013c 756E7369 		.ascii	"unsigned int\000"
 693      676E6564 
 693      20696E74 
 693      00
 694              	.LASF7:
 695 0149 6C6F6E67 		.ascii	"long long unsigned int\000"
 695      206C6F6E 
 695      6720756E 
 695      7369676E 
 695      65642069 
 696              	.LASF10:
 697 0160 75696E74 		.ascii	"uint8_t\000"
 697      385F7400 
 698              	.LASF15:
 699 0168 63795F6D 		.ascii	"cy_meta_flashprotect\000"
 699      6574615F 
 699      666C6173 
 699      6870726F 
 699      74656374 
 700              	.LASF14:
 701 017d 63795F6D 		.ascii	"cy_meta_wonvl\000"
 701      6574615F 
 701      776F6E76 
 701      6C00
 702              	.LASF11:
 703 018b 73697A65 		.ascii	"sizetype\000"
 703      74797065 
 703      00
 704              	.LASF6:
 705 0194 6C6F6E67 		.ascii	"long long int\000"
 705      206C6F6E 
 705      6720696E 
 705      7400
 706              	.LASF2:
 707 01a2 73686F72 		.ascii	"short int\000"
 707      7420696E 
 707      7400
 708              	.LASF4:
 709 01ac 6C6F6E67 		.ascii	"long int\000"
 709      20696E74 
 709      00
 710              	.LASF0:
 711 01b5 7369676E 		.ascii	"signed char\000"
 711      65642063 
 711      68617200 
 712              	.LASF18:
 713 01c1 47656E65 		.ascii	"Generated_Source\\PSoC5\\cymetadata.c\000"
 713      72617465 
 713      645F536F 
 713      75726365 
 713      5C50536F 
 714              		.ident	"GCC: (GNU Tools for ARM Embedded Processors) 5.4.1 20160609 (release) [ARM/embedded-5-bran
